
  ************************** CRUNCH ******************************
  ************************ VERSION 1.0 ***************************

                      Author:  C.I. STEEFEL 
  COPYRIGHT (c) 2000. The Regents of the University of California. 
                       All Rights Reserved 

  ****************************************************************
  This work was produced at the University of California, Lawrence 
  Livermore National Laboratory (UC LLNL) under contract no. W-7405-ENG-48 
  (Contract 48) between the U.S. Department of Energy (DOE) and The Regents 
  of the University of California (University) for the operation of UC LLNL. 
  Copyright is reserved to the University for purposes of controlled dissem- 
  ination, commercialization through formal licensing, or other disposition 
  under terms of Contract 48; DOE policies, regulations and orders; and U.S. 
  statutes. The rights of the Federal Government are reserved under Contract 
  48 subject to the restrictions agreed upon by the DOE and University as 
  allowed under DOE Acquisition Letter 97-1. 

                                DISCLAIMER                            
  This work was prepared as an account of work sponsored by an agency of the
  United States Government. Neither the United States Government nor the 
  University of California nor any of their employees, makes any warranty, 
  express or implied, or assumes any liability or responsibility for the 
  accuracy, completeness, or usefulness of any information, apparatus, product,
  or process disclosed, or represents that its use would not infringe 
  privately-owned rights.  Reference herein to any specific commercial products,
  process, or service by trade name, trademark, manufacturer or otherwise does 
  not necessarily constitute or imply its endorsement, recommendation, or 
  favoring by the United States Government or the University of California. 
  The views and opinions of authors expressed herein do not necessarily state 
  or reflect those of the United States Government or the University of 
  California, and shall not be used for advertising or product endorsement 
  purposes. 
  ****************************************************************


  1D box model to test chemistry for flow field modelling calcite precipit



   ---> Using database: reducedDatabase.dbs                                                                                 


 Number of components =                    24

  1 H+                
  2 Al+++             
  3 CO2(aq)           
  4 NH3(aq)           
  5 Mg++              
  6 Ca++              
  7 Ca44++            
  8 Fe++              
  9 Fe+++             
 10 Cl-               
 11 K+                
 12 H2S(aq)           
 13 H2S34(aq)         
 14 SO4--             
 15 S34O4--           
 16 Na+               
 17 SiO2(aq)          
 18 O2(aq)            
 19 B(OH)3(aq)        
 20 HPO4--            
 21 NO3-              
 22 Methane(aq)       
 23 Formaldehyde      
 24 C5H7O2NSO4        

 Number of secondary species in input file =           64

  1 HNO3(aq)          
  2 Al(OH)2+          
  3 Al(SO4)2-         
  4 Al(S34O4)2-       
  5 AlO2-             
  6 AlOH++            
  7 HCO3-             
  8 CO3--             
  9 CaCl+             
 10 Ca44Cl+           
 11 CaCl2(aq)         
 12 Ca44Cl2(aq)       
 13 CaOH+             
 14 Ca44OH+           
 15 CaSO4(aq)         
 16 CaS34O4(aq)       
 17 Ca44SO4(aq)       
 18 Ca44S34O4(aq)     
 19 Fe(OH)2(aq)       
 20 Fe(OH)3-          
 21 Fe(OH)4--         
 22 FeCl+             
 23 FeCl2(aq)         
 24 FeCl4--           
 25 FeOH+             
 26 FeSO4(aq)         
 27 FeS34O4(aq)       
 28 OH-               
 29 HS-               
 30 HS34-             
 31 H2PO4-            
 32 H3PO4(aq)         
 33 HAlO2(aq)         
 34 HSO4-             
 35 HS34O4-           
 36 HSiO3-            
 37 KCl(aq)           
 38 KHSO4(aq)         
 39 KHS34O4(aq)       
 40 KOH(aq)           
 41 KSO4-             
 42 KS34O4-           
 43 NaAlO2(aq)        
 44 NaCl(aq)          
 45 NaHSiO3(aq)       
 46 NaOH(aq)          
 47 NaSO4-            
 48 NaS34O4-          
 49 NH4+              
 50 H2(aq)            
 51 CaHPO4(aq)        
 52 Ca44HPO4(aq)      
 53 CaPO4-            
 54 Ca44PO4-          
 55 FeCO3(aq)         
 56 FeH2PO4+          
 57 FeHPO4(aq)        
 58 FePO4-            
 59 KHPO4-            
 60 PO4---            
 61 S--               
 62 S34--             
 63 BO2-              
 64 MgB(OH)4+         

 Number of gases in input file =                1

  1 CO2(g)            


 Number of kinetic minerals =           11


  Using database file: reducedDatabase.dbs

  temperature interpolation coefficients
                  ln(T+Tk)        1         T+Tk      (T+Tk)**-1   (t+tk)**-2

    HOMOGENEOUS REACTIONS

 Species         log K         Stoichiometric Coefficients
                            H+     Al+++  CO2(aq NH3(aq Mg++   Ca++   Ca44++ Fe++   Fe+++  Cl-    K+     H2S(aq H2S34( SO4--  S34O4- Na+    SiO2(a O2(aq) B(OH)3 HPO4-- NO3-   Methan Formal C5H7O2 
 HNO3(aq)      1.3081E+00   1.00   0.00   0.00   0.00   0.00   0.00   0.00   0.00   0.00   0.00   0.00   0.00   0.00   0.00   0.00   0.00   0.00   0.00   0.00   0.00   1.00   0.00   0.00   0.00
 Al(OH)2+      1.0594E+01  -2.00   1.00   0.00   0.00   0.00   0.00   0.00   0.00   0.00   0.00   0.00   0.00   0.00   0.00   0.00   0.00   0.00   0.00   0.00   0.00   0.00   0.00   0.00   0.00
 Al(SO4)2-    -2.7284E+00   0.00   1.00   0.00   0.00   0.00   0.00   0.00   0.00   0.00   0.00   0.00   0.00   0.00   2.00   0.00   0.00   0.00   0.00   0.00   0.00   0.00   0.00   0.00   0.00
 Al(S34O4)2-  -2.7284E+00   0.00   1.00   0.00   0.00   0.00   0.00   0.00   0.00   0.00   0.00   0.00   0.00   0.00   0.00   2.00   0.00   0.00   0.00   0.00   0.00   0.00   0.00   0.00   0.00
 AlO2-         2.2879E+01  -4.00   1.00   0.00   0.00   0.00   0.00   0.00   0.00   0.00   0.00   0.00   0.00   0.00   0.00   0.00   0.00   0.00   0.00   0.00   0.00   0.00   0.00   0.00   0.00
 AlOH++        4.9564E+00  -1.00   1.00   0.00   0.00   0.00   0.00   0.00   0.00   0.00   0.00   0.00   0.00   0.00   0.00   0.00   0.00   0.00   0.00   0.00   0.00   0.00   0.00   0.00   0.00
 HCO3-         6.3478E+00  -1.00   0.00   1.00   0.00   0.00   0.00   0.00   0.00   0.00   0.00   0.00   0.00   0.00   0.00   0.00   0.00   0.00   0.00   0.00   0.00   0.00   0.00   0.00   0.00
 CO3--         1.6670E+01  -2.00   0.00   1.00   0.00   0.00   0.00   0.00   0.00   0.00   0.00   0.00   0.00   0.00   0.00   0.00   0.00   0.00   0.00   0.00   0.00   0.00   0.00   0.00   0.00
 CaCl+         7.0039E-01   0.00   0.00   0.00   0.00   0.00   1.00   0.00   0.00   0.00   1.00   0.00   0.00   0.00   0.00   0.00   0.00   0.00   0.00   0.00   0.00   0.00   0.00   0.00   0.00
 Ca44Cl+       7.0039E-01   0.00   0.00   0.00   0.00   0.00   0.00   1.00   0.00   0.00   1.00   0.00   0.00   0.00   0.00   0.00   0.00   0.00   0.00   0.00   0.00   0.00   0.00   0.00   0.00
 CaCl2(aq)     6.5346E-01   0.00   0.00   0.00   0.00   0.00   1.00   0.00   0.00   0.00   2.00   0.00   0.00   0.00   0.00   0.00   0.00   0.00   0.00   0.00   0.00   0.00   0.00   0.00   0.00
 Ca44Cl2(aq)   6.5346E-01   0.00   0.00   0.00   0.00   0.00   0.00   1.00   0.00   0.00   2.00   0.00   0.00   0.00   0.00   0.00   0.00   0.00   0.00   0.00   0.00   0.00   0.00   0.00   0.00
 CaOH+         1.2850E+01  -1.00   0.00   0.00   0.00   0.00   1.00   0.00   0.00   0.00   0.00   0.00   0.00   0.00   0.00   0.00   0.00   0.00   0.00   0.00   0.00   0.00   0.00   0.00   0.00
 Ca44OH+       1.2850E+01  -1.00   0.00   0.00   0.00   0.00   0.00   1.00   0.00   0.00   0.00   0.00   0.00   0.00   0.00   0.00   0.00   0.00   0.00   0.00   0.00   0.00   0.00   0.00   0.00
 CaSO4(aq)    -2.1004E+00   0.00   0.00   0.00   0.00   0.00   1.00   0.00   0.00   0.00   0.00   0.00   0.00   0.00   1.00   0.00   0.00   0.00   0.00   0.00   0.00   0.00   0.00   0.00   0.00
 CaS34O4(aq)  -2.1004E+00   0.00   0.00   0.00   0.00   0.00   1.00   0.00   0.00   0.00   0.00   0.00   0.00   0.00   0.00   1.00   0.00   0.00   0.00   0.00   0.00   0.00   0.00   0.00   0.00
 Ca44SO4(aq)  -2.1004E+00   0.00   0.00   0.00   0.00   0.00   0.00   1.00   0.00   0.00   0.00   0.00   0.00   0.00   1.00   0.00   0.00   0.00   0.00   0.00   0.00   0.00   0.00   0.00   0.00
 Ca44S34O4(aq -2.1004E+00   0.00   0.00   0.00   0.00   0.00   0.00   1.00   0.00   0.00   0.00   0.00   0.00   0.00   0.00   1.00   0.00   0.00   0.00   0.00   0.00   0.00   0.00   0.00   0.00
 Fe(OH)2(aq)   2.0600E+01  -2.00   0.00   0.00   0.00   0.00   0.00   0.00   1.00   0.00   0.00   0.00   0.00   0.00   0.00   0.00   0.00   0.00   0.00   0.00   0.00   0.00   0.00   0.00   0.00
 Fe(OH)3-      3.1000E+01  -3.00   0.00   0.00   0.00   0.00   0.00   0.00   1.00   0.00   0.00   0.00   0.00   0.00   0.00   0.00   0.00   0.00   0.00   0.00   0.00   0.00   0.00   0.00   0.00
 Fe(OH)4--     4.6000E+01  -4.00   0.00   0.00   0.00   0.00   0.00   0.00   1.00   0.00   0.00   0.00   0.00   0.00   0.00   0.00   0.00   0.00   0.00   0.00   0.00   0.00   0.00   0.00   0.00
 FeCl+         1.6494E-01   0.00   0.00   0.00   0.00   0.00   0.00   0.00   1.00   0.00   1.00   0.00   0.00   0.00   0.00   0.00   0.00   0.00   0.00   0.00   0.00   0.00   0.00   0.00   0.00
 FeCl2(aq)     2.4636E+00   0.00   0.00   0.00   0.00   0.00   0.00   0.00   1.00   0.00   2.00   0.00   0.00   0.00   0.00   0.00   0.00   0.00   0.00   0.00   0.00   0.00   0.00   0.00   0.00
 FeCl4--      -1.9395E+00   0.00   0.00   0.00   0.00   0.00   0.00   0.00   1.00   0.00   4.00   0.00   0.00   0.00   0.00   0.00   0.00   0.00   0.00   0.00   0.00   0.00   0.00   0.00   0.00
 FeOH+         9.5000E+00  -1.00   0.00   0.00   0.00   0.00   0.00   0.00   1.00   0.00   0.00   0.00   0.00   0.00   0.00   0.00   0.00   0.00   0.00   0.00   0.00   0.00   0.00   0.00   0.00
 FeSO4(aq)    -2.2000E+00   0.00   0.00   0.00   0.00   0.00   0.00   0.00   1.00   0.00   0.00   0.00   0.00   0.00   1.00   0.00   0.00   0.00   0.00   0.00   0.00   0.00   0.00   0.00   0.00
 FeS34O4(aq)  -2.2000E+00   0.00   0.00   0.00   0.00   0.00   0.00   0.00   1.00   0.00   0.00   0.00   0.00   0.00   0.00   1.00   0.00   0.00   0.00   0.00   0.00   0.00   0.00   0.00   0.00
 OH-           1.3991E+01  -1.00   0.00   0.00   0.00   0.00   0.00   0.00   0.00   0.00   0.00   0.00   0.00   0.00   0.00   0.00   0.00   0.00   0.00   0.00   0.00   0.00   0.00   0.00   0.00
 HS-           6.9838E+00  -1.00   0.00   0.00   0.00   0.00   0.00   0.00   0.00   0.00   0.00   0.00   1.00   0.00   0.00   0.00   0.00   0.00   0.00   0.00   0.00   0.00   0.00   0.00   0.00
 HS34-         6.9838E+00  -1.00   0.00   0.00   0.00   0.00   0.00   0.00   0.00   0.00   0.00   0.00   0.00   1.00   0.00   0.00   0.00   0.00   0.00   0.00   0.00   0.00   0.00   0.00   0.00
 H2PO4-       -7.2013E+00   1.00   0.00   0.00   0.00   0.00   0.00   0.00   0.00   0.00   0.00   0.00   0.00   0.00   0.00   0.00   0.00   0.00   0.00   0.00   1.00   0.00   0.00   0.00   0.00
 H3PO4(aq)    -9.3656E+00   2.00   0.00   0.00   0.00   0.00   0.00   0.00   0.00   0.00   0.00   0.00   0.00   0.00   0.00   0.00   0.00   0.00   0.00   0.00   1.00   0.00   0.00   0.00   0.00
 HAlO2(aq)     1.6431E+01  -3.00   1.00   0.00   0.00   0.00   0.00   0.00   0.00   0.00   0.00   0.00   0.00   0.00   0.00   0.00   0.00   0.00   0.00   0.00   0.00   0.00   0.00   0.00   0.00
 HSO4-        -1.9755E+00   1.00   0.00   0.00   0.00   0.00   0.00   0.00   0.00   0.00   0.00   0.00   0.00   0.00   1.00   0.00   0.00   0.00   0.00   0.00   0.00   0.00   0.00   0.00   0.00
 HS34O4-      -1.9755E+00   1.00   0.00   0.00   0.00   0.00   0.00   0.00   0.00   0.00   0.00   0.00   0.00   0.00   0.00   1.00   0.00   0.00   0.00   0.00   0.00   0.00   0.00   0.00   0.00
 HSiO3-        9.9422E+00  -1.00   0.00   0.00   0.00   0.00   0.00   0.00   0.00   0.00   0.00   0.00   0.00   0.00   0.00   0.00   0.00   1.00   0.00   0.00   0.00   0.00   0.00   0.00   0.00
 KCl(aq)       1.5004E+00   0.00   0.00   0.00   0.00   0.00   0.00   0.00   0.00   0.00   1.00   1.00   0.00   0.00   0.00   0.00   0.00   0.00   0.00   0.00   0.00   0.00   0.00   0.00   0.00
 KHSO4(aq)    -8.0584E-01   1.00   0.00   0.00   0.00   0.00   0.00   0.00   0.00   0.00   0.00   1.00   0.00   0.00   1.00   0.00   0.00   0.00   0.00   0.00   0.00   0.00   0.00   0.00   0.00
 KHS34O4(aq)  -8.0584E-01   1.00   0.00   0.00   0.00   0.00   0.00   0.00   0.00   0.00   0.00   1.00   0.00   0.00   0.00   1.00   0.00   0.00   0.00   0.00   0.00   0.00   0.00   0.00   0.00
 KOH(aq)       1.4460E+01  -1.00   0.00   0.00   0.00   0.00   0.00   0.00   0.00   0.00   0.00   1.00   0.00   0.00   0.00   0.00   0.00   0.00   0.00   0.00   0.00   0.00   0.00   0.00   0.00
 KSO4-        -8.7500E-01   0.00   0.00   0.00   0.00   0.00   0.00   0.00   0.00   0.00   0.00   1.00   0.00   0.00   1.00   0.00   0.00   0.00   0.00   0.00   0.00   0.00   0.00   0.00   0.00
 KS34O4-      -8.7500E-01   0.00   0.00   0.00   0.00   0.00   0.00   0.00   0.00   0.00   0.00   1.00   0.00   0.00   0.00   1.00   0.00   0.00   0.00   0.00   0.00   0.00   0.00   0.00   0.00
 NaAlO2(aq)    2.3627E+01  -4.00   1.00   0.00   0.00   0.00   0.00   0.00   0.00   0.00   0.00   0.00   0.00   0.00   0.00   0.00   1.00   0.00   0.00   0.00   0.00   0.00   0.00   0.00   0.00
 NaCl(aq)      7.8213E-01   0.00   0.00   0.00   0.00   0.00   0.00   0.00   0.00   0.00   1.00   0.00   0.00   0.00   0.00   0.00   1.00   0.00   0.00   0.00   0.00   0.00   0.00   0.00   0.00
 NaHSiO3(aq)   8.2984E+00  -1.00   0.00   0.00   0.00   0.00   0.00   0.00   0.00   0.00   0.00   0.00   0.00   0.00   0.00   0.00   1.00   1.00   0.00   0.00   0.00   0.00   0.00   0.00   0.00
 NaOH(aq)      1.4799E+01  -1.00   0.00   0.00   0.00   0.00   0.00   0.00   0.00   0.00   0.00   0.00   0.00   0.00   0.00   0.00   1.00   0.00   0.00   0.00   0.00   0.00   0.00   0.00   0.00
 NaSO4-       -8.2000E-01   0.00   0.00   0.00   0.00   0.00   0.00   0.00   0.00   0.00   0.00   0.00   0.00   0.00   1.00   0.00   1.00   0.00   0.00   0.00   0.00   0.00   0.00   0.00   0.00
 NaS34O4-     -8.2000E-01   0.00   0.00   0.00   0.00   0.00   0.00   0.00   0.00   0.00   0.00   0.00   0.00   0.00   0.00   1.00   1.00   0.00   0.00   0.00   0.00   0.00   0.00   0.00   0.00
 NH4+         -9.2418E+00   1.00   0.00   0.00   1.00   0.00   0.00   0.00   0.00   0.00   0.00   0.00   0.00   0.00   0.00   0.00   0.00   0.00   0.00   0.00   0.00   0.00   0.00   0.00   0.00
 H2(aq)        4.6107E+01   0.00   0.00   0.00   0.00   0.00   0.00   0.00   0.00   0.00   0.00   0.00   0.00   0.00   0.00   0.00   0.00   0.00  -0.50   0.00   0.00   0.00   0.00   0.00   0.00
 CaHPO4(aq)   -2.7400E+00   0.00   0.00   0.00   0.00   0.00   1.00   0.00   0.00   0.00   0.00   0.00   0.00   0.00   0.00   0.00   0.00   0.00   0.00   0.00   1.00   0.00   0.00   0.00   0.00
 Ca44HPO4(aq) -2.7400E+00   0.00   0.00   0.00   0.00   0.00   0.00   1.00   0.00   0.00   0.00   0.00   0.00   0.00   0.00   0.00   0.00   0.00   0.00   0.00   1.00   0.00   0.00   0.00   0.00
 CaPO4-        5.8618E+00  -1.00   0.00   0.00   0.00   0.00   1.00   0.00   0.00   0.00   0.00   0.00   0.00   0.00   0.00   0.00   0.00   0.00   0.00   0.00   1.00   0.00   0.00   0.00   0.00
 Ca44PO4-      5.8618E+00  -1.00   0.00   0.00   0.00   0.00   0.00   1.00   0.00   0.00   0.00   0.00   0.00   0.00   0.00   0.00   0.00   0.00   0.00   0.00   1.00   0.00   0.00   0.00   0.00
 FeCO3(aq)     1.1947E+01  -2.00   0.00   1.00   0.00   0.00   0.00   0.00   1.00   0.00   0.00   0.00   0.00   0.00   0.00   0.00   0.00   0.00   0.00   0.00   0.00   0.00   0.00   0.00   0.00
 FeH2PO4+     -2.7000E+00   1.00   0.00   0.00   0.00   0.00   0.00   0.00   1.00   0.00   0.00   0.00   0.00   0.00   0.00   0.00   0.00   0.00   0.00   0.00   1.00   0.00   0.00   0.00   0.00
 FeHPO4(aq)   -3.6000E+00   0.00   0.00   0.00   0.00   0.00   0.00   0.00   1.00   0.00   0.00   0.00   0.00   0.00   0.00   0.00   0.00   0.00   0.00   0.00   1.00   0.00   0.00   0.00   0.00
 FePO4-        4.3918E+00  -1.00   0.00   0.00   0.00   0.00   0.00   0.00   1.00   0.00   0.00   0.00   0.00   0.00   0.00   0.00   0.00   0.00   0.00   0.00   1.00   0.00   0.00   0.00   0.00
 KHPO4-       -7.8000E-01   0.00   0.00   0.00   0.00   0.00   0.00   0.00   0.00   0.00   0.00   1.00   0.00   0.00   0.00   0.00   0.00   0.00   0.00   0.00   1.00   0.00   0.00   0.00   0.00
 PO4---        1.2318E+01  -1.00   0.00   0.00   0.00   0.00   0.00   0.00   0.00   0.00   0.00   0.00   0.00   0.00   0.00   0.00   0.00   0.00   0.00   0.00   1.00   0.00   0.00   0.00   0.00
 S--           1.9926E+01  -2.00   0.00   0.00   0.00   0.00   0.00   0.00   0.00   0.00   0.00   0.00   1.00   0.00   0.00   0.00   0.00   0.00   0.00   0.00   0.00   0.00   0.00   0.00   0.00
 S34--         1.9926E+01  -2.00   0.00   0.00   0.00   0.00   0.00   0.00   0.00   0.00   0.00   0.00   0.00   1.00   0.00   0.00   0.00   0.00   0.00   0.00   0.00   0.00   0.00   0.00   0.00
 BO2-          9.2401E+00  -1.00   0.00   0.00   0.00   0.00   0.00   0.00   0.00   0.00   0.00   0.00   0.00   0.00   0.00   0.00   0.00   0.00   0.00   1.00   0.00   0.00   0.00   0.00   0.00
 MgB(OH)4+     7.3467E+00  -1.00   0.00   0.00   0.00   1.00   0.00   0.00   0.00   0.00   0.00   0.00   0.00   0.00   0.00   0.00   0.00   0.00   0.00   1.00   0.00   0.00   0.00   0.00   0.00

      MINERAL REACTIONS

 Mineral         log K         Stoichiometric Coefficients
                            H+     Al+++  CO2(aq NH3(aq Mg++   Ca++   Ca44++ Fe++   Fe+++  Cl-    K+     H2S(aq H2S34( SO4--  S34O4- Na+    SiO2(a O2(aq) B(OH)3 HPO4-- NO3-   Methan Formal C5H7O2 
 FeS(am)       2.3358E+00  -2.00   0.00   0.00   0.00   0.00   0.00   0.00   1.00   0.00   0.00   0.00   1.00   0.00   0.00   0.00   0.00   0.00   0.00   0.00   0.00   0.00   0.00   0.00   0.00
 FeS34(am)     2.3358E+00  -2.00   0.00   0.00   0.00   0.00   0.00   0.00   1.00   0.00   0.00   0.00   0.00   1.00   0.00   0.00   0.00   0.00   0.00   0.00   0.00   0.00   0.00   0.00   0.00
 Siderite      6.5783E+00  -2.00   0.00   1.00   0.00   0.00   0.00   0.00   1.00   0.00   0.00   0.00   0.00   0.00   0.00   0.00   0.00   0.00   0.00   0.00   0.00   0.00   0.00   0.00   0.00
 SiO2(am)     -2.7200E+00   0.00   0.00   0.00   0.00   0.00   0.00   0.00   0.00   0.00   0.00   0.00   0.00   0.00   0.00   0.00   0.00   1.00   0.00   0.00   0.00   0.00   0.00   0.00   0.00
 Quartz       -4.0056E+00   0.00   0.00   0.00   0.00   0.00   0.00   0.00   0.00   0.00   0.00   0.00   0.00   0.00   0.00   0.00   0.00   1.00   0.00   0.00   0.00   0.00   0.00   0.00   0.00
 Calcite       8.2012E+00  -2.00   0.00   1.00   0.00   0.00   1.00   0.00   0.00   0.00   0.00   0.00   0.00   0.00   0.00   0.00   0.00   0.00   0.00   0.00   0.00   0.00   0.00   0.00   0.00
 Calcite44     8.2012E+00  -2.00   0.00   1.00   0.00   0.00   0.00   1.00   0.00   0.00   0.00   0.00   0.00   0.00   0.00   0.00   0.00   0.00   0.00   0.00   0.00   0.00   0.00   0.00   0.00
 Sepiolite     3.0407E+01  -8.00   0.00   0.00   0.00   4.00   0.00   0.00   0.00   0.00   0.00   0.00   0.00   0.00   0.00   0.00   0.00   6.00   0.00   0.00   0.00   0.00   0.00   0.00   0.00
 K-Feldspar   -2.9422E-01  -4.00   1.00   0.00   0.00   0.00   0.00   0.00   0.00   0.00   0.00   1.00   0.00   0.00   0.00   0.00   0.00   3.00   0.00   0.00   0.00   0.00   0.00   0.00   0.00
 Kaolinite     6.7973E+00  -6.00   2.00   0.00   0.00   0.00   0.00   0.00   0.00   0.00   0.00   0.00   0.00   0.00   0.00   0.00   0.00   2.00   0.00   0.00   0.00   0.00   0.00   0.00   0.00
 C5H7O2NSO4(s -1.5000E+01   0.00   0.00   0.00   0.00   0.00   0.00   0.00   0.00   0.00   0.00   0.00   0.00   0.00   0.00   0.00   0.00   0.00   0.00   0.00   0.00   0.00   0.00   0.00   1.00

     GAS REACTIONS

 Gases           log K         Stoichiometric Coefficients
                            H+     Al+++  CO2(aq NH3(aq Mg++   Ca++   Ca44++ Fe++   Fe+++  Cl-    K+     H2S(aq H2S34( SO4--  S34O4- Na+    SiO2(a O2(aq) B(OH)3 HPO4-- NO3-   Methan Formal C5H7O2 
 CO2(g)       -1.4840E+00   0.00   0.00   1.00   0.00   0.00   0.00   0.00   0.00   0.00   0.00   0.00   0.00   0.00   0.00   0.00   0.00   0.00   0.00   0.00   0.00   0.00   0.00   0.00   0.00
 O2(g)        -2.8993E+00   0.00   0.00   0.00   0.00   0.00   0.00   0.00   0.00   0.00   0.00   0.00   0.00   0.00   0.00   0.00   0.00   0.00   1.00   0.00   0.00   0.00   0.00   0.00   0.00

  ***KINETIC INPUTS***

   MINERAL


  ******  GEOCHEMICAL CONDITIONS INPUT  ******

 Number of geochemical conditions specified =            2

  Condition Label: seawater


  Primary species    itype     guess      Total conc.  Constraint phase
  H+                   7    7.0795E-09    0.0000E+00                       
  Al+++                1    1.0000E-06    3.7000E-08                       
  CO2(aq)              1    1.0000E-06    4.7500E-03                       
  NH3(aq)              1    1.0000E-06    1.4800E-09                       
  Mg++                 1    1.0000E-06    5.1100E-02                       
  Ca++                 1    1.0000E-06    1.3153E+00                       
  Ca44++               1    1.0000E-06    2.8499E-02                       
  Fe++                 1    1.0000E-06    2.6000E-05                       
  Fe+++                1    1.0000E-06    1.0000E-13                       
  Cl-                  2    1.0000E-06    0.0000E+00                       
  K+                   1    1.0000E-06    1.2000E-02                       
  H2S(aq)              1    1.0000E-06    1.0000E-15                       
  H2S34(aq)            1    1.0000E-06    1.0000E-15                       
  SO4--                1    1.0000E-06    2.6796E-02                       
  S34O4--              1    1.0000E-06    1.2082E-03                       
  Na+                  1    1.0000E-06    4.7400E-01                       
  SiO2(aq)             1    1.0000E-06    1.5700E-04                       
  O2(aq)               1    1.0000E-06    1.8000E-04                       
  B(OH)3(aq)           1    1.0000E-06    4.0000E-04                       
  HPO4--               1    1.0000E-06    1.7000E-06                       
  NO3-                 1    1.0000E-06    3.9000E-05                       
  Methane(aq)          1    1.0000E-06    1.0000E-08                       
  Formaldehyde         1    1.0000E-06    1.2000E-01                       
  C5H7O2NSO4           3    1.0000E-06    0.0000E+00     C5H7O2NSO4(s)     

  Porosity for this chemical condition =   0.6036



  Condition Label: empty


  Primary species    itype     guess      Total conc.  Constraint phase
  H+                   7    1.0000E-07    0.0000E+00                       
  Al+++                1    1.0000E-06    1.0000E-15                       
  CO2(aq)              1    1.0000E-06    1.0000E-15                       
  NH3(aq)              1    1.0000E-06    1.0000E-15                       
  Mg++                 1    1.0000E-06    1.0000E-15                       
  Ca++                 1    1.0000E-06    3.0000E-15                       
  Ca44++               1    1.0000E-06    6.3600E-17                       
  Fe++                 1    1.0000E-06    1.0000E-15                       
  Fe+++                1    1.0000E-06    1.0000E-15                       
  Cl-                  2    1.0000E-06    0.0000E+00                       
  K+                   1    1.0000E-06    1.0000E-15                       
  H2S(aq)              1    1.0000E-06    1.0000E-15                       
  H2S34(aq)            1    1.0000E-06    1.0000E-15                       
  SO4--                1    1.0000E-06    1.0000E-15                       
  S34O4--              1    1.0000E-06    1.0000E-15                       
  Na+                  1    1.0000E-06    1.0000E-15                       
  SiO2(aq)             1    1.0000E-06    1.0000E-15                       
  O2(aq)               1    1.0000E-06    1.0000E-15                       
  B(OH)3(aq)           1    1.0000E-06    1.0000E-15                       
  HPO4--               1    1.0000E-06    1.0000E-15                       
  NO3-                 1    1.0000E-06    1.0000E-15                       
  Methane(aq)          1    1.0000E-06    1.0000E-15                       
  Formaldehyde         1    1.0000E-06    1.0000E-15                       
  C5H7O2NSO4           3    1.0000E-06    0.0000E+00     C5H7O2NSO4(s)     

  Porosity for this chemical condition =   1.0000



   ********  SPECIATION OF GEOCHEMICAL CONDITIONS  ********


 *********************************************
  ---> GEOCHEMICAL CONDITION: seawater

  Temperature (C)         =      8.000
  Porosity                =      0.604
  Liquid Saturation       =      1.000
  Liquid Density (kg/m^3) =    999.877
  Solid Density (kg/m^3)  =   2700.760
  Solid:Solution Ratio    =   1773.699
  Ionic Strength          =      4.058
  Solution pH             =      8.150
  Solution pe and Eh require H2(g) be included
  Total Charge            =  3.866E-16

 Total Aqueous Concentrations of Primary Species  
 --------------------------------------- 

 Species                Molality     Constraint    Constraint Phase 
 H+                  -5.0069E-03     Activity                        
 Al+++                3.7000E-08     Total                           
 CO2(aq)              4.7500E-03     Total                           
 NH3(aq)              1.4800E-09     Total                           
 Mg++                 5.1100E-02     Total                           
 Ca++                 1.3153E+00     Total                           
 Ca44++               2.8499E-02     Total                           
 Fe++                 2.6000E-05     Total                           
 Fe+++                1.0000E-13     Total                           
 Cl-                  3.2148E+00     Charge                          
 K+                   1.2000E-02     Total                           
 H2S(aq)              1.0000E-15     Total                           
 H2S34(aq)            1.0000E-15     Total                           
 SO4--                2.6796E-02     Total                           
 S34O4--              1.2082E-03     Total                           
 Na+                  4.7400E-01     Total                           
 SiO2(aq)             1.5700E-04     Total                           
 O2(aq)               1.8000E-04     Total                           
 B(OH)3(aq)           4.0000E-04     Total                           
 HPO4--               1.7000E-06     Total                           
 NO3-                 3.9000E-05     Total                           
 Methane(aq)          1.0000E-08     Total                           
 Formaldehyde         1.2000E-01     Total                           
 C5H7O2NSO4           3.9281E-16     Mineral       C5H7O2NSO4(s)     

 Concentrations of Individual Species, Exchangers, and Surface Complexes 
 ----------------------------------------------------------------------- 

                           Log        Log                                 Activity
 Species              Molality   Activity      Molality      Activity   Coefficient    Type
  H+                    -8.162     -8.150     6.879E-09     7.079E-09     1.029E+00  Aqueous 
  Al+++                -14.215    -15.362     6.101E-15     4.346E-16     7.123E-02  Aqueous 
  CO2(aq)               -4.533     -4.127     2.933E-05     7.465E-05     2.546E+00  Aqueous 
  NH3(aq)              -11.099    -10.693     7.969E-12     2.029E-11     2.546E+00  Aqueous 
  Mg++                  -1.292     -1.776     5.101E-02     1.676E-02     3.286E-01  Aqueous 
  Ca++                   0.035     -0.618     1.085E+00     2.408E-01     2.220E-01  Aqueous 
  Ca44++                -1.629     -2.282     2.351E-02     5.218E-03     2.220E-01  Aqueous 
  Fe++                  -7.981     -8.635     1.044E-08     2.317E-09     2.220E-01  Aqueous 
  Fe+++                -13.000    -14.147     1.000E-13     7.123E-15     7.123E-02  Aqueous 
  Cl-                    0.456      0.276     2.858E+00     1.889E+00     6.609E-01  Aqueous 
  K+                    -1.929     -2.109     1.178E-02     7.783E-03     6.609E-01  Aqueous 
  H2S(aq)              -16.468    -16.062     3.404E-17     8.666E-17     2.546E+00  Aqueous 
  H2S34(aq)            -16.468    -16.062     3.404E-17     8.666E-17     2.546E+00  Aqueous 
  SO4--                 -1.988     -2.936     1.028E-02     1.160E-03     1.129E-01  Aqueous 
  S34O4--               -3.334     -4.281     4.635E-04     5.231E-05     1.129E-01  Aqueous 
  Na+                   -0.363     -0.482     4.335E-01     3.298E-01     7.607E-01  Aqueous 
  SiO2(aq)              -3.890     -3.484     1.287E-04     3.277E-04     2.546E+00  Aqueous 
  O2(aq)                -3.745     -3.339     1.800E-04     4.582E-04     2.546E+00  Aqueous 
  B(OH)3(aq)            -3.583     -3.177     2.611E-04     6.646E-04     2.546E+00  Aqueous 
  HPO4--                -6.919     -7.867     1.205E-07     1.360E-08     1.129E-01  Aqueous 
  NO3-                  -4.409     -4.589     3.900E-05     2.577E-05     6.609E-01  Aqueous 
  Methane(aq)           -8.000     -7.594     1.000E-08     2.546E-08     2.546E+00  Aqueous 
  Formaldehyde          -0.921     -0.515     1.200E-01     3.055E-01     2.546E+00  Aqueous 
  C5H7O2NSO4           -15.406    -15.000     3.928E-16     1.000E-15     2.546E+00  Aqueous 
  HNO3(aq)             -14.613    -14.208     2.436E-15     6.201E-15     2.546E+00  Aqueous 
  Al(OH)2+             -10.565    -10.684     2.723E-11     2.071E-11     7.607E-01  Aqueous 
  Al(SO4)2-            -16.291    -16.410     5.118E-17     3.893E-17     7.607E-01  Aqueous 
  Al(S34O4)2-          -18.983    -19.102     1.040E-19     7.915E-20     7.607E-01  Aqueous 
  AlO2-                 -7.445     -7.564     3.590E-08     2.731E-08     7.607E-01  Aqueous 
  AlOH++               -11.828    -12.683     1.487E-12     2.074E-13     1.394E-01  Aqueous 
  HCO3-                 -2.336     -2.455     4.610E-03     3.506E-03     7.607E-01  Aqueous 
  CO3--                 -3.954     -4.810     1.111E-04     1.549E-05     1.394E-01  Aqueous 
  CaCl+                 -0.919     -1.038     1.205E-01     9.167E-02     7.607E-01  Aqueous 
  Ca44Cl+               -2.583     -2.702     2.611E-03     1.986E-03     7.607E-01  Aqueous 
  CaCl2(aq)             -1.016     -0.611     9.630E-02     2.451E-01     2.546E+00  Aqueous 
  Ca44Cl2(aq)           -2.681     -2.275     2.086E-03     5.312E-03     2.546E+00  Aqueous 
  CaOH+                 -5.200     -5.319     6.303E-06     4.795E-06     7.607E-01  Aqueous 
  Ca44OH+               -6.865     -6.983     1.366E-07     1.039E-07     7.607E-01  Aqueous 
  CaSO4(aq)             -1.892     -1.486     1.283E-02     3.266E-02     2.546E+00  Aqueous 
  CaS34O4(aq)           -3.238     -2.832     5.784E-04     1.472E-03     2.546E+00  Aqueous 
  Ca44SO4(aq)           -3.556     -3.150     2.779E-04     7.076E-04     2.546E+00  Aqueous 
  Ca44S34O4(aq)         -4.902     -4.496     1.253E-05     3.190E-05     2.546E+00  Aqueous 
  Fe(OH)2(aq)          -13.341    -12.935     4.557E-14     1.160E-13     2.546E+00  Aqueous 
  Fe(OH)3-             -15.069    -15.187     8.537E-16     6.494E-16     7.607E-01  Aqueous 
  Fe(OH)4--            -21.090    -22.038     8.125E-22     9.170E-23     1.129E-01  Aqueous 
  FeCl+                 -8.410     -8.529     3.887E-09     2.957E-09     7.607E-01  Aqueous 
  FeCl2(aq)            -10.974    -10.568     1.061E-11     2.701E-11     2.546E+00  Aqueous 
  FeCl4--               -4.585     -5.533     2.598E-05     2.932E-06     1.129E-01  Aqueous 
  FeOH+                 -9.867     -9.986     1.359E-10     1.034E-10     7.607E-01  Aqueous 
  FeSO4(aq)             -9.777     -9.371     1.673E-10     4.259E-10     2.546E+00  Aqueous 
  FeS34O4(aq)          -11.122    -10.717     7.543E-12     1.920E-11     2.546E+00  Aqueous 
  OH-                   -6.310     -6.456     4.902E-07     3.500E-07     7.140E-01  Aqueous 
  HS-                  -15.015    -15.161     9.659E-16     6.897E-16     7.140E-01  Aqueous 
  HS34-                -15.015    -15.161     9.659E-16     6.897E-16     7.140E-01  Aqueous 
  H2PO4-                -8.628     -8.747     2.354E-09     1.791E-09     7.607E-01  Aqueous 
  H3PO4(aq)            -15.209    -14.803     6.184E-16     1.574E-15     2.546E+00  Aqueous 
  HAlO2(aq)             -9.266     -8.860     5.425E-10     1.381E-09     2.546E+00  Aqueous 
  HSO4-                 -9.177     -9.295     6.658E-10     5.065E-10     7.607E-01  Aqueous 
  HS34O4-              -10.523    -10.641     3.002E-11     2.284E-11     7.607E-01  Aqueous 
  HSiO3-                -5.417     -5.536     3.830E-06     2.913E-06     7.607E-01  Aqueous 
  KCl(aq)               -3.882     -3.476     1.313E-04     3.344E-04     2.546E+00  Aqueous 
  KHSO4(aq)            -13.063    -12.658     8.643E-14     2.200E-13     2.546E+00  Aqueous 
  KHS34O4(aq)          -14.409    -14.003     3.897E-15     9.921E-15     2.546E+00  Aqueous 
  KOH(aq)               -8.824     -8.418     1.501E-09     3.820E-09     2.546E+00  Aqueous 
  KSO4-                 -4.056     -4.175     8.780E-05     6.679E-05     7.607E-01  Aqueous 
  KS34O4-               -5.402     -5.521     3.959E-06     3.012E-06     7.607E-01  Aqueous 
  NaAlO2(aq)            -9.278     -8.872     5.272E-10     1.342E-09     2.546E+00  Aqueous 
  NaCl(aq)              -1.432     -1.026     3.697E-02     9.412E-02     2.546E+00  Aqueous 
  NaHSiO3(aq)           -4.612     -4.206     2.443E-05     6.219E-05     2.546E+00  Aqueous 
  NaOH(aq)              -8.099     -7.693     7.966E-09     2.028E-08     2.546E+00  Aqueous 
  NaSO4-                -2.478     -2.597     3.324E-03     2.528E-03     7.607E-01  Aqueous 
  NaS34O4-              -3.824     -3.943     1.499E-04     1.140E-04     7.607E-01  Aqueous 
  NH4+                  -8.832     -9.054     1.472E-09     8.833E-10     6.001E-01  Aqueous 
  H2(aq)               -47.742    -47.337     1.810E-48     4.607E-48     2.546E+00  Aqueous 
  CaHPO4(aq)            -6.151     -5.745     7.070E-07     1.800E-06     2.546E+00  Aqueous 
  Ca44HPO4(aq)          -7.815     -7.409     1.532E-08     3.900E-08     2.546E+00  Aqueous 
  CaPO4-                -6.078     -6.197     8.358E-07     6.358E-07     7.607E-01  Aqueous 
  Ca44PO4-              -7.742     -7.861     1.811E-08     1.378E-08     7.607E-01  Aqueous 
  FeCO3(aq)             -8.945     -8.539     1.136E-09     2.892E-09     2.546E+00  Aqueous 
  FeH2PO4+             -21.833    -21.951     1.471E-22     1.119E-22     7.607E-01  Aqueous 
  FeHPO4(aq)           -13.307    -12.901     4.932E-14     1.256E-13     2.546E+00  Aqueous 
  FePO4-               -12.624    -12.743     2.375E-13     1.807E-13     7.607E-01  Aqueous 
  KHPO4-                -9.077     -9.195     8.384E-10     6.378E-10     7.607E-01  Aqueous 
  PO4---                -9.882    -12.211     1.311E-10     6.150E-13     4.692E-03  Aqueous 
  S--                  -19.687    -20.465     2.056E-20     3.427E-21     1.667E-01  Aqueous 
  S34--                -19.687    -20.465     2.056E-20     3.427E-21     1.667E-01  Aqueous 
  BO2-                  -4.340     -4.459     4.573E-05     3.479E-05     7.607E-01  Aqueous 
  MgB(OH)4+             -4.031     -4.149     9.321E-05     7.090E-05     7.607E-01  Aqueous 


  ****** Partial pressure of gases (bars) *****

 CO2(g)               1.37578805E-03
 O2(g)                2.57426314E-01

  ****** Saturation state of minerals (log[Q/K] *****

  FeS(am)                 -10.9984
  FeS34(am)               -10.9984
  Siderite                 -3.3017
  SiO2(am)                 -0.5151
  Quartz                    0.9138
  Calcite                   2.9712
  Calcite44                 1.3070
  Sepiolite                 5.3578
  K-Feldspar                4.8533
  Kaolinite                 2.8967
  C5H7O2NSO4(s)             0.0000

 *********************************************
  ---> GEOCHEMICAL CONDITION: empty

  Temperature (C)         =      0.000
  Porosity                =      1.000
  Liquid Saturation       =      1.000
  Liquid Density (kg/m^3) =    999.868
  Solid Density (kg/m^3)  =     83.392
  Solid:Solution Ratio    =      0.000
  Ionic Strength          =      0.000
  Solution pH             =      7.000
  Solution pe and Eh require H2(g) be included
  Total Charge            =  9.755E-23

 Total Aqueous Concentrations of Primary Species  
 --------------------------------------- 

 Species                Molality     Constraint    Constraint Phase 
 H+                   8.8586E-08     Activity                        
 Al+++                1.0000E-15     Total                           
 CO2(aq)              1.0000E-15     Total                           
 NH3(aq)              1.0000E-15     Total                           
 Mg++                 1.0000E-15     Total                           
 Ca++                 3.0000E-15     Total                           
 Ca44++               6.3600E-17     Total                           
 Fe++                 1.0000E-15     Total                           
 Fe+++                1.0000E-15     Total                           
 Cl-                  8.8586E-08     Charge                          
 K+                   1.0000E-15     Total                           
 H2S(aq)              1.0000E-15     Total                           
 H2S34(aq)            1.0000E-15     Total                           
 SO4--                1.0000E-15     Total                           
 S34O4--              1.0000E-15     Total                           
 Na+                  1.0000E-15     Total                           
 SiO2(aq)             1.0000E-15     Total                           
 O2(aq)               2.6795E-15     Total                           
 B(OH)3(aq)           1.0000E-15     Total                           
 HPO4--               1.0000E-15     Total                           
 NO3-                 1.0000E-15     Total                           
 Methane(aq)          1.0000E-15     Total                           
 Formaldehyde         1.0000E-15     Total                           
 C5H7O2NSO4           1.0000E-15     Mineral       C5H7O2NSO4(s)     

 Concentrations of Individual Species, Exchangers, and Surface Complexes 
 ----------------------------------------------------------------------- 

                           Log        Log                                 Activity
 Species              Molality   Activity      Molality      Activity   Coefficient    Type
  H+                    -7.000     -7.000     1.000E-07     1.000E-07     9.996E-01  Aqueous 
  Al+++                -17.646    -17.648     2.257E-18     2.250E-18     9.968E-01  Aqueous 
  CO2(aq)              -15.565    -15.565     2.720E-16     2.720E-16     1.000E+00  Aqueous 
  NH3(aq)              -18.069    -18.069     8.524E-19     8.524E-19     1.000E+00  Aqueous 
  Mg++                 -15.000    -15.001     1.000E-15     9.986E-16     9.986E-01  Aqueous 
  Ca++                 -14.523    -14.524     3.000E-15     2.996E-15     9.986E-01  Aqueous 
  Ca44++               -16.197    -16.197     6.360E-17     6.351E-17     9.986E-01  Aqueous 
  Fe++                 -15.001    -15.002     9.969E-16     9.954E-16     9.986E-01  Aqueous 
  Fe+++                -15.000    -15.001     1.000E-15     9.968E-16     9.968E-01  Aqueous 
  Cl-                   -7.053     -7.053     8.859E-08     8.855E-08     9.996E-01  Aqueous 
  K+                   -15.000    -15.000     1.000E-15     9.996E-16     9.996E-01  Aqueous 
  H2S(aq)              -15.143    -15.143     7.198E-16     7.198E-16     1.000E+00  Aqueous 
  H2S34(aq)            -15.143    -15.143     7.198E-16     7.198E-16     1.000E+00  Aqueous 
  SO4--                -15.000    -15.001     1.000E-15     9.986E-16     9.986E-01  Aqueous 
  S34O4--              -15.000    -15.001     1.000E-15     9.986E-16     9.986E-01  Aqueous 
  Na+                  -15.000    -15.000     1.000E-15     9.996E-16     9.996E-01  Aqueous 
  SiO2(aq)             -15.000    -15.000     9.995E-16     9.995E-16     1.000E+00  Aqueous 
  O2(aq)               -14.572    -14.572     2.680E-15     2.680E-15     1.000E+00  Aqueous 
  B(OH)3(aq)           -15.001    -15.001     9.972E-16     9.972E-16     1.000E+00  Aqueous 
  HPO4--               -15.493    -15.493     3.216E-16     3.211E-16     9.986E-01  Aqueous 
  NO3-                 -15.000    -15.000     1.000E-15     9.996E-16     9.996E-01  Aqueous 
  Methane(aq)          -15.000    -15.000     1.000E-15     1.000E-15     1.000E+00  Aqueous 
  Formaldehyde         -15.000    -15.000     1.000E-15     1.000E-15     1.000E+00  Aqueous 
  C5H7O2NSO4           -15.000    -15.000     1.000E-15     1.000E-15     1.000E+00  Aqueous 
  HNO3(aq)             -23.535    -23.535     2.920E-24     2.920E-24     1.000E+00  Aqueous 
  Al(OH)2+             -15.787    -15.787     1.632E-16     1.631E-16     9.996E-01  Aqueous 
  Al(SO4)2-            -42.060    -42.060     8.718E-43     8.715E-43     9.996E-01  Aqueous 
  Al(S34O4)2-          -42.060    -42.060     8.718E-43     8.715E-43     9.996E-01  Aqueous 
  AlO2-                -15.444    -15.444     3.596E-16     3.594E-16     9.996E-01  Aqueous 
  AlOH++               -16.374    -16.374     4.228E-17     4.222E-17     9.986E-01  Aqueous 
  HCO3-                -15.138    -15.138     7.278E-16     7.275E-16     9.996E-01  Aqueous 
  CO3--                -18.759    -18.759     1.743E-19     1.740E-19     9.986E-01  Aqueous 
  CaCl+                -22.247    -22.247     5.660E-23     5.658E-23     9.996E-01  Aqueous 
  Ca44Cl+              -23.921    -23.921     1.200E-24     1.200E-24     9.996E-01  Aqueous 
  CaCl2(aq)            -29.077    -29.077     8.370E-30     8.370E-30     1.000E+00  Aqueous 
  Ca44Cl2(aq)          -30.751    -30.751     1.775E-31     1.775E-31     1.000E+00  Aqueous 
  CaOH+                -20.373    -20.374     4.233E-21     4.232E-21     9.996E-01  Aqueous 
  Ca44OH+              -22.047    -22.047     8.974E-23     8.971E-23     9.996E-01  Aqueous 
  CaSO4(aq)            -27.449    -27.449     3.559E-28     3.559E-28     1.000E+00  Aqueous 
  CaS34O4(aq)          -27.449    -27.449     3.559E-28     3.559E-28     1.000E+00  Aqueous 
  Ca44SO4(aq)          -29.122    -29.122     7.544E-30     7.544E-30     1.000E+00  Aqueous 
  Ca44S34O4(aq)        -29.122    -29.122     7.544E-30     7.544E-30     1.000E+00  Aqueous 
  Fe(OH)2(aq)          -21.602    -21.602     2.500E-22     2.500E-22     1.000E+00  Aqueous 
  Fe(OH)3-             -25.002    -25.002     9.958E-26     9.954E-26     9.996E-01  Aqueous 
  Fe(OH)4--            -33.001    -33.002     9.968E-34     9.954E-34     9.986E-01  Aqueous 
  FeCl+                -22.205    -22.205     6.235E-23     6.232E-23     9.996E-01  Aqueous 
  FeCl2(aq)            -31.565    -31.565     2.725E-32     2.725E-32     1.000E+00  Aqueous 
  FeCl4--              -41.225    -41.225     5.960E-42     5.951E-42     9.986E-01  Aqueous 
  FeOH+                -17.502    -17.502     3.149E-18     3.148E-18     9.996E-01  Aqueous 
  FeSO4(aq)            -27.803    -27.803     1.575E-28     1.575E-28     1.000E+00  Aqueous 
  FeS34O4(aq)          -27.803    -27.803     1.575E-28     1.575E-28     1.000E+00  Aqueous 
  OH-                   -7.941     -7.941     1.145E-08     1.145E-08     9.996E-01  Aqueous 
  HS-                  -15.553    -15.553     2.802E-16     2.801E-16     9.996E-01  Aqueous 
  HS34-                -15.553    -15.553     2.802E-16     2.801E-16     9.996E-01  Aqueous 
  H2PO4-               -15.168    -15.169     6.784E-16     6.782E-16     9.996E-01  Aqueous 
  H3PO4(aq)            -20.096    -20.096     8.010E-21     8.010E-21     1.000E+00  Aqueous 
  HAlO2(aq)            -15.364    -15.364     4.327E-16     4.327E-16     1.000E+00  Aqueous 
  HSO4-                -20.280    -20.280     5.252E-21     5.250E-21     9.996E-01  Aqueous 
  HS34O4-              -20.280    -20.280     5.252E-21     5.250E-21     9.996E-01  Aqueous 
  HSiO3-               -18.327    -18.327     4.712E-19     4.710E-19     9.996E-01  Aqueous 
  KCl(aq)              -23.760    -23.760     1.736E-24     1.736E-24     1.000E+00  Aqueous 
  KHSO4(aq)            -36.562    -36.562     2.739E-37     2.739E-37     1.000E+00  Aqueous 
  KHS34O4(aq)          -36.562    -36.562     2.739E-37     2.739E-37     1.000E+00  Aqueous 
  KOH(aq)              -22.460    -22.460     3.466E-23     3.466E-23     1.000E+00  Aqueous 
  KSO4-                -29.113    -29.114     7.702E-30     7.699E-30     9.996E-01  Aqueous 
  KS34O4-              -29.113    -29.114     7.702E-30     7.699E-30     9.996E-01  Aqueous 
  NaAlO2(aq)           -31.293    -31.293     5.090E-32     5.090E-32     1.000E+00  Aqueous 
  NaCl(aq)             -22.880    -22.880     1.320E-23     1.320E-23     1.000E+00  Aqueous 
  NaHSiO3(aq)          -31.416    -31.416     3.837E-32     3.837E-32     1.000E+00  Aqueous 
  NaOH(aq)             -23.644    -23.644     2.272E-24     2.272E-24     1.000E+00  Aqueous 
  NaSO4-               -29.181    -29.181     6.597E-30     6.595E-30     9.996E-01  Aqueous 
  NaS34O4-             -29.181    -29.181     6.597E-30     6.595E-30     9.996E-01  Aqueous 
  NH4+                 -15.000    -15.001     9.991E-16     9.988E-16     9.996E-01  Aqueous 
  H2(aq)               -43.192    -43.192     6.426E-44     6.426E-44     1.000E+00  Aqueous 
  CaHPO4(aq)           -27.277    -27.277     5.286E-28     5.286E-28     1.000E+00  Aqueous 
  Ca44HPO4(aq)         -28.951    -28.951     1.121E-29     1.121E-29     1.000E+00  Aqueous 
  CaPO4-               -28.879    -28.879     1.323E-29     1.322E-29     9.996E-01  Aqueous 
  Ca44PO4-             -30.552    -30.552     2.804E-31     2.803E-31     9.996E-01  Aqueous 
  FeCO3(aq)            -28.739    -28.739     1.824E-29     1.824E-29     1.000E+00  Aqueous 
  FeH2PO4+             -34.795    -34.795     1.602E-35     1.602E-35     9.996E-01  Aqueous 
  FeHPO4(aq)           -26.895    -26.895     1.272E-27     1.272E-27     1.000E+00  Aqueous 
  FePO4-               -27.887    -27.887     1.297E-28     1.297E-28     9.996E-01  Aqueous 
  KHPO4-               -29.713    -29.714     1.935E-30     1.934E-30     9.996E-01  Aqueous 
  PO4---               -21.098    -21.099     7.979E-22     7.953E-22     9.968E-01  Aqueous 
  S--                  -22.260    -22.260     5.501E-23     5.493E-23     9.986E-01  Aqueous 
  S34--                -22.260    -22.260     5.501E-23     5.493E-23     9.986E-01  Aqueous 
  BO2-                 -17.546    -17.547     2.842E-18     2.841E-18     9.996E-01  Aqueous 
  MgB(OH)4+            -30.348    -30.349     4.483E-31     4.482E-31     9.996E-01  Aqueous 


  ****** Partial pressure of gases (bars) *****

 CO2(g)               3.72947558E-15
 O2(g)                1.21429875E-12

  ****** Saturation state of minerals (log[Q/K] *****

  FeS(am)                 -18.9067
  FeS34(am)               -18.9067
  Siderite                -23.5731
  SiO2(am)                -11.8784
  Quartz                  -10.3704
  Calcite                 -24.8809
  Calcite44               -26.5546
  Sepiolite              -126.4034
  K-Feldspar              -49.4382
  Kaolinite               -32.3186
  C5H7O2NSO4(s)             0.0000

                SPECIATION OF  
      INITIAL AND BOUNDARY CONDITIONS 
           SUCCESSFULLY COMPLETED


     AQUEOUS KINETIC REACTIONS     

 Aqueous kinetics  log K       Stoichiometric Coefficients
                            H+     Al+++  CO2(aq)NH3(aq)Mg++   Ca++   Ca44++ Fe++   Fe+++  Cl-    K+     H2S(aq)H2S34(aSO4--  S34O4--Na+    SiO2(aqO2(aq) B(OH)3(HPO4-- NO3-   MethaneFormaldC5H7O2N
 Sulfate_redu  2.5272E+00  -0.25   0.00   0.25   0.00   0.00   0.00   0.00   0.00   0.00   0.00   0.00   0.12   0.00  -0.12   0.00   0.00   0.00   0.00   0.00   0.00   0.00   0.00  -0.25   0.00
    catabolic  1.0976E+00  -0.25   0.00   0.25   0.00   0.00   0.00   0.00   0.00   0.00   0.00   0.00   0.12   0.00  -0.12   0.00   0.00   0.00   0.00   0.00   0.00   0.00   0.00  -0.25   0.00
 Sulfate34_re  2.5272E+00  -0.25   0.00   0.25   0.00   0.00   0.00   0.00   0.00   0.00   0.00   0.00   0.00   0.12   0.00  -0.12   0.00   0.00   0.00   0.00   0.00   0.00   0.00  -0.25   0.00
    catabolic  1.0976E+00  -0.25   0.00   0.25   0.00   0.00   0.00   0.00   0.00   0.00   0.00   0.00   0.00   0.12   0.00  -0.12   0.00   0.00   0.00   0.00   0.00   0.00   0.00  -0.25   0.00
 AOM           2.5272E+00  -0.25   0.00   0.12   0.00   0.00   0.00   0.00   0.00   0.00   0.00   0.00   0.12   0.00  -0.12   0.00   0.00   0.00   0.00   0.00   0.00   0.00  -0.12   0.00   0.00
    catabolic  1.0976E+00  -0.25   0.00   0.12   0.00   0.00   0.00   0.00   0.00   0.00   0.00   0.00   0.12   0.00  -0.12   0.00   0.00   0.00   0.00   0.00   0.00   0.00  -0.12   0.00   0.00
 AOM34         2.5272E+00  -0.25   0.00   0.12   0.00   0.00   0.00   0.00   0.00   0.00   0.00   0.00   0.00   0.12   0.00  -0.12   0.00   0.00   0.00   0.00   0.00   0.00  -0.12   0.00   0.00
    catabolic  1.0976E+00  -0.25   0.00   0.12   0.00   0.00   0.00   0.00   0.00   0.00   0.00   0.00   0.00   0.12   0.00  -0.12   0.00   0.00   0.00   0.00   0.00   0.00  -0.12   0.00   0.00
 Methanogenes  1.1191E+00   0.00   0.00   0.06   0.00   0.00   0.00   0.00   0.00   0.00   0.00   0.00   0.00   0.00   0.00   0.00   0.00   0.00   0.00   0.00   0.00   0.00   0.06  -0.12   0.00
    catabolic  4.8602E-01   0.00   0.00   0.06   0.00   0.00   0.00   0.00   0.00   0.00   0.00   0.00   0.00   0.00   0.00   0.00   0.00   0.00   0.00   0.00   0.00   0.00   0.06  -0.12   0.00

   NZ =            1

  Cell  Distance (m)
   1    5.000E-01


 Number of heterogeneities =            1


 Parameters for this run:

  Maximum timestep (yrs) =    1.000E+04
  Maximum timestep (yrs) =    1.000E-12

 --> Porosity calculated from mineral volume fractions
 ----> Porosity is updated due to mineral dissolution and precipitation reactions
 --> Extended Debye-Huckel activity model used
 --> Activity coefficients only computed
     at beginning of time step 

  Temperature (C) at J = 1            25.00
  Temperature gradient (C/m) =         0.00

 Graphics files printed at (yrs)
   1.0000E+00
   2.0000E+00
   3.0000E+00
   4.0000E+00
   5.0000E+00
   6.0000E+00
   7.0000E+00
   8.0000E+00
   9.0000E+00
   1.0000E+01
   1.1000E+01
   1.2000E+01
   1.3000E+01
   1.4000E+01
   1.5000E+01
   1.6000E+01
   1.7000E+01
   1.8000E+01
   1.9000E+01
   2.0000E+01

   2.1000E+01
   2.2000E+01
   2.3000E+01
   2.4000E+01
   2.5000E+01
   2.6000E+01
   2.7000E+01
   2.8000E+01
   2.9000E+01
   3.0000E+01
   2.0000E+03
   2.0000E+04
   2.0000E+05


   Running in batch mode


  Constant velocities have been specified

   X Darcy velocity =    0.0000000000000000     
   Y Darcy velocity =    0.0000000000000000     


  Constant gas velocities have been specified

   X gas flux  =    0.0000000000000000     
   Y gas flux  =    0.0000000000000000     
   Z gas flux  =    0.0000000000000000     




   Using constant diffusion coefficient
  Diffusion coefficient (m**2/yr) =       0.0000E+00


  Longitudinal dispersivity (m) =     0.0000E+00
  Transverse dispersivity (m) =       0.0000E+00


         INITIALIZATION COMPLETED 
          STARTING TIMESTEPPING 

