# Time series at grid cell:   1   1   1
VARIABLES = "Time (yrs) " , "pH                 ", "Ca++               ", "Ca44++             ", "SO4--              ", "Fe++               ", "
  1.00000E-12                8.14960613140395E+00   1.31530000000032E+00   2.84986000000068E-02   2.67960900005350E-02   2.60000000005484E-05
  2.00000E-12                8.14951664190463E+00   1.31530000000000E+00   2.84986000000000E-02   2.67960900000000E-02   2.60000000000209E-05
  3.00000E-12                8.14951511750711E+00   1.31530000000006E+00   2.84986000000012E-02   2.67960900000955E-02   2.60000000008588E-05
  4.00000E-12                8.14951509154002E+00   1.31530000000000E+00   2.84986000000000E-02   2.67960900000001E-02   2.60000000000420E-05
  5.00000E-12                8.14951509108103E+00   1.31530000000000E+00   2.84986000000000E-02   2.67960900000001E-02   2.60000000000524E-05
  7.00000E-12                8.14951509103902E+00   1.31530000000000E+00   2.84986000000000E-02   2.67960900000000E-02   2.60000000000732E-05
  1.10000E-11                8.14951509096989E+00   1.31529999999998E+00   2.84985999999997E-02   2.67960899999941E-02   2.60000000000904E-05
  1.90000E-11                8.14951509083190E+00   1.31530000000000E+00   2.84985999999999E-02   2.67960900000001E-02   2.60000000001147E-05
  3.50000E-11                8.14951509055592E+00   1.31530000000000E+00   2.84985999999999E-02   2.67960900000003E-02   2.60000000001977E-05
  6.70000E-11                8.14951509000398E+00   1.31529999999999E+00   2.84985999999998E-02   2.67960900000006E-02   2.60000000003639E-05
  1.31000E-10                8.14951508890008E+00   1.31529999999999E+00   2.84985999999997E-02   2.67960900000012E-02   2.60000000006966E-05
  2.59000E-10                8.14951508669227E+00   1.31529999999997E+00   2.84985999999994E-02   2.67960900000024E-02   2.60000000013619E-05
  5.15000E-10                8.14951508227666E+00   1.31529999999986E+00   2.84985999999971E-02   2.67960900000000E-02   2.60000000053818E-05
  1.02700E-09                8.14951507344543E+00   1.31529999999973E+00   2.84985999999941E-02   2.67960900000000E-02   2.60000000107323E-05
  2.05100E-09                8.14951505578299E+00   1.31529999999946E+00   2.84985999999883E-02   2.67960900000000E-02   2.60000000214332E-05
  4.09900E-09                8.14951502045815E+00   1.31529999999892E+00   2.84985999999766E-02   2.67960899999998E-02   2.60000000428352E-05
  8.19500E-09                8.14951494980864E+00   1.31529999999783E+00   2.84985999999531E-02   2.67960899999996E-02   2.60000000856391E-05
  1.63870E-08                8.14951480851028E+00   1.31529999999567E+00   2.84985999999062E-02   2.67960899999991E-02   2.60000001712469E-05
  3.27710E-08                8.14951452591618E+00   1.31529999999134E+00   2.84985999998125E-02   2.67960899999981E-02   2.60000003424626E-05
  6.55390E-08                8.14951396073851E+00   1.31529999998267E+00   2.84985999996250E-02   2.67960899999962E-02   2.60000006848940E-05
  1.31075E-07                8.14951283042515E+00   1.31529999996534E+00   2.84985999992500E-02   2.67960899999923E-02   2.60000013697565E-05
  2.62147E-07                8.14951056996641E+00   1.31529999993069E+00   2.84985999985000E-02   2.67960899999845E-02   2.60000027394816E-05
  5.24291E-07                8.14950604972074E+00   1.31529999986137E+00   2.84985999970001E-02   2.67960899999690E-02   2.60000054789316E-05
  1.04858E-06                8.14949701191519E+00   1.31529999972275E+00   2.84985999940003E-02   2.67960899999380E-02   2.60000109578316E-05
  2.09716E-06                8.14947894703663E+00   1.31529999944551E+00   2.84985999880009E-02   2.67960899998759E-02   2.60000219156301E-05
  4.19431E-06                8.14944286012456E+00   1.31529999889108E+00   2.84985999760032E-02   2.67960899997517E-02   2.60000438312223E-05
  8.38861E-06                8.14937085700309E+00   1.31529999778240E+00   2.84985999520116E-02   2.67960899995035E-02   2.60000876623867E-05
  1.67772E-05                8.14922752819269E+00   1.31529999556576E+00   2.84985999040441E-02   2.67960899990071E-02   2.60001753246362E-05
  3.35544E-05                8.14894353796325E+00   1.31529999113534E+00   2.84985998081708E-02   2.67960899980147E-02   2.60003506488181E-05
  6.71089E-05                8.14838589935518E+00   1.31529998228570E+00   2.84985996166667E-02   2.67960899960303E-02   2.60007012959155E-05
  1.34218E-04                8.14730954016409E+00   1.31529996462959E+00   2.84985992345927E-02   2.67960899920627E-02   2.60014025850632E-05
  2.68435E-04                8.14529541287161E+00   1.31529992947843E+00   2.84985984739297E-02   2.67960899841302E-02   2.60028051433033E-05
  5.36871E-04                8.14171634130125E+00   1.31529985974508E+00   2.84985969649157E-02   2.67960899682710E-02   2.60056101804879E-05
  1.07374E-03                8.13582106893962E+00   1.31529972213399E+00   2.84985939870417E-02   2.67960899365653E-02   2.60112199435087E-05
  2.14748E-03                8.12698377255192E+00   1.31529945238927E+00   2.84985881498225E-02   2.67960898731818E-02   2.60224382568392E-05
  4.29497E-03                8.11495113676999E+00   1.31529892749443E+00   2.84985767912003E-02   2.67960897464767E-02   2.60448701953334E-05
  8.58993E-03                8.09980497845855E+00   1.31529791343677E+00   2.84985548471710E-02   2.67960894932032E-02   2.60897160576451E-05
  1.71799E-02                8.08159275841441E+00   1.31529596843442E+00   2.84985127576164E-02   2.67960889869576E-02   2.61793389027055E-05
  3.43597E-02                8.05978593104591E+00   1.31529226986720E+00   2.84984327210758E-02   2.67960879751322E-02   2.63583226801096E-05
  6.87195E-02                8.03262138628422E+00   1.31528532763080E+00   2.84982824916571E-02   2.67960859529563E-02   2.67153028738145E-05
  1.37439E-01                7.99621609685487E+00   1.31527258702968E+00   2.84980067853708E-02   2.67960819118958E-02   2.74255982408124E-05
  2.74878E-01                7.94343265882685E+00   1.31525011967580E+00   2.84975205902828E-02   2.67960738372168E-02   2.88329545869049E-05
  5.49756E-01                7.86323312192616E+00   1.31521306055027E+00   2.84967186219760E-02   2.67960577050007E-02   3.16019784554599E-05
  1.00000E+00                7.76107048752279E+00   1.31516564008001E+00   2.84956924188849E-02   2.67960313088595E-02   3.60351449732769E-05
  1.90049E+00                7.61853614494492E+00   1.31509863785786E+00   2.84942424223712E-02   2.67959785841392E-02   4.45712007976366E-05
  2.00000E+00                7.60343513813365E+00   1.31509150280591E+00   2.84940880120903E-02   2.67959727582661E-02   4.55066396458945E-05
  2.19902E+00                7.57565140927276E+00   1.31507817456335E+00   2.84937995727254E-02   2.67959611089963E-02   4.73650099105251E-05
  2.59707E+00                7.52787847347369E+00   1.31505448343198E+00   2.84932868621028E-02   2.67959378190340E-02   5.10319681566955E-05
  3.00000E+00                7.48606234301973E+00   1.31503286644538E+00   2.84928190338377E-02   2.67959142508027E-02   5.46905311066093E-05
  3.80586E+00                7.42006445158812E+00   1.31499621696429E+00   2.84920258609520E-02   2.67958671380491E-02   6.18110951903309E-05
  4.00000E+00                7.40536331317440E+00   1.31498770876842E+00   2.84918417245427E-02   2.67958557893261E-02   6.35091637266821E-05
  4.38828E+00                7.37882329972542E+00   1.31497179696498E+00   2.84914973542160E-02   2.67958330962356E-02   6.68627894047763E-05
  5.00000E+00                7.34272907877154E+00   1.31494892889857E+00   2.84910024263821E-02   2.67957973532567E-02   7.20383842051393E-05
  6.00000E+00                7.29461339219654E+00   1.31491589425007E+00   2.84902874506593E-02   2.67957389426370E-02   8.02145691257937E-05
  7.00000E+00                7.25467293794858E+00   1.31488611597165E+00   2.84896429404327E-02   2.67956805472323E-02   8.81002019451974E-05
  8.00000E+00                7.22071927397946E+00   1.31485887677906E+00   2.84890533741902E-02   2.67956221638151E-02   9.57067848129219E-05
  9.00000E+00                7.19129008298310E+00   1.31483368105417E+00   2.84885080271137E-02   2.67955637899057E-02   1.03045746789670E-04
  1.00000E+01                7.16537260507701E+00   1.31481017201082E+00   2.84879991786086E-02   2.67955054235483E-02   1.10128504124859E-04
  1.10000E+01                7.13988640820471E+00   1.31478821147070E+00   2.84875238385972E-02   2.67954470639241E-02   1.15606146946135E-04
  1.20000E+01                7.11582738457796E+00   1.31476762382509E+00   2.84870782070341E-02   2.67953887102828E-02   1.20202017068042E-04
  1.30000E+01                7.09438573708856E+00   1.31474819686352E+00   2.84866576918380E-02   2.67953303616825E-02   1.24833694111426E-04
  1.40000E+01                7.07508744041498E+00   1.31472976643229E+00   2.84862587408408E-02   2.67952720172988E-02   1.29482547831566E-04
  1.50000E+01                7.05756855893288E+00   1.31471220291920E+00   2.84858785493281E-02   2.67952136764038E-02   1.34132762880569E-04
  1.60000E+01                7.04154457539176E+00   1.31469540216757E+00   2.84855148634244E-02   2.67951553383508E-02   1.38770971606777E-04
  1.70000E+01                7.02678960723832E+00   1.31467927918687E+00   2.84851658439960E-02   2.67950970025627E-02   1.43385937546677E-04
  1.80000E+01                7.01312190954221E+00   1.31466376368816E+00   2.84848299700410E-02   2.67950386685224E-02   1.47968279225752E-04
  1.90000E+01                7.00039353120498E+00   1.31464879684471E+00   2.84845059685911E-02   2.67949803357647E-02   1.52510227788373E-04
  2.00000E+01                6.98848278464397E+00   1.31463432889570E+00   2.84841927628581E-02   2.67949220038704E-02   1.57005413880531E-04
  2.10000E+01                6.97728866442720E+00   1.31462031734323E+00   2.84838894332182E-02   2.67948636724602E-02   1.61448680210534E-04
  2.20000E+01                6.96672664351952E+00   1.31460672557503E+00   2.84835951874082E-02   2.67948053411907E-02   1.65835916800627E-04
  2.30000E+01                6.95672546124760E+00   1.31459352179795E+00   2.84833093374473E-02   2.67947470097498E-02   1.70163916337275E-04
  2.40000E+01                6.94722463711750E+00   1.31458067820204E+00   2.84830312815479E-02   2.67946886778538E-02   1.74430247328554E-04
  2.50000E+01                6.93817252395444E+00   1.31456817029804E+00   2.84827604897807E-02   2.67946303452442E-02   1.78633143027265E-04
  2.60000E+01                6.92952476730121E+00   1.31455597638715E+00   2.84824964925987E-02   2.67945720116853E-02   1.82771404297167E-04
  2.70000E+01                6.92124307469073E+00   1.31454407713260E+00   2.84822388715684E-02   2.67945136769616E-02   1.86844314795436E-04
  2.80000E+01                6.91329422398864E+00   1.31453245521069E+00   2.84819872518175E-02   2.67944553408764E-02   1.90851567020927E-04
  2.90000E+01                6.90564925811438E+00   1.31452109502434E+00   2.84817412958362E-02   2.67943970032494E-02   1.94793197937092E-04
  3.00000E+01                6.89828282645644E+00   1.31450998246617E+00   2.84815006983511E-02   2.67943386639156E-02   1.98669533021989E-04
  3.20000E+01                6.88449337054645E+00   1.31448866116228E+00   2.84810390612342E-02   2.67942219775914E-02   2.06197163115301E-04
  3.60000E+01                6.85989719043431E+00   1.31444909534805E+00   2.84801823666073E-02   2.67939885687549E-02   2.20374307962211E-04
  4.40000E+01                6.81889679497143E+00   1.31437941219950E+00   2.84786734356982E-02   2.67935215778545E-02   2.45605375913695E-04
  4.56000E+01                6.81100362261362E+00   1.31436581626576E+00   2.84783790219344E-02   2.67934281717684E-02   2.50403858106974E-04
  4.88000E+01                6.79621007878558E+00   1.31433986429011E+00   2.84778170247800E-02   2.67932413279123E-02   2.59614136845578E-04
  5.52000E+01                6.76985266092130E+00   1.31429215105198E+00   2.84767837145131E-02   2.67928675101336E-02   2.76650371097719E-04
  6.80000E+01                6.72621576724615E+00   1.31420938595357E+00   2.84749910771791E-02   2.67921193514294E-02   3.06334350766516E-04
  7.05600E+01                6.71776422452496E+00   1.31419328856695E+00   2.84746424092890E-02   2.67919696974951E-02   3.11922635084651E-04
  7.56800E+01                6.70204265928886E+00   1.31416273520999E+00   2.84739805925904E-02   2.67916703036255E-02   3.22637219770924E-04
  8.59200E+01                6.67437118950580E+00   1.31410708586183E+00   2.84727750527144E-02   2.67910711856732E-02   3.42421870012133E-04
  1.06400E+02                6.62936195319014E+00   1.31401188665606E+00   2.84707123545440E-02   2.67898717483549E-02   3.76849415545318E-04
  1.10496E+02                6.62056342234902E+00   1.31399342714244E+00   2.84703123727903E-02   2.67896318115990E-02   3.83270453613512E-04
  1.18688E+02                6.60439130833192E+00   1.31395857164224E+00   2.84695570625500E-02   2.67891517527656E-02   3.95656425709148E-04
  1.35072E+02                6.57635701180498E+00   1.31389560436907E+00   2.84681923715734E-02   2.67881909629641E-02   4.18643863854455E-04
  1.67840E+02                6.53149632773586E+00   1.31378917351432E+00   2.84658850358140E-02   2.67862671552402E-02   4.58697990577783E-04
  1.74394E+02                6.52254930507705E+00   1.31376859849843E+00   2.84654389575637E-02   2.67858823041464E-02   4.66046447445297E-04
  1.87501E+02                6.50634917546246E+00   1.31372994048340E+00   2.84646007265589E-02   2.67851122775665E-02   4.80338497522974E-04
  2.13715E+02                6.47870129822931E+00   1.31366063880712E+00   2.84630976895660E-02   2.67835711225532E-02   5.06963461560339E-04
  2.18958E+02                6.47309918406771E+00   1.31364708430228E+00   2.84628037001269E-02   2.67832628473533E-02   5.11944217009401E-04
  2.29444E+02                6.46265394905723E+00   1.31362109223296E+00   2.84622398910580E-02   2.67826461343118E-02   5.21758320360220E-04
  2.50415E+02                6.44406658665886E+00   1.31357293277668E+00   2.84611950363838E-02   2.67814121394944E-02   5.40563284814208E-04
  2.92358E+02                6.41298740799553E+00   1.31348851815764E+00   2.84593629277000E-02   2.67789423675634E-02   5.74668727846220E-04
  3.00747E+02                6.40645206737261E+00   1.31347209756735E+00   2.84590065105453E-02   2.67784483416859E-02   5.80800781530204E-04
  3.17524E+02                6.39453241112666E+00   1.31344090485684E+00   2.84583293479858E-02   2.67774600374177E-02   5.92912911226114E-04
  3.51079E+02                6.37386324272278E+00   1.31338399141318E+00   2.84570934326818E-02   2.67754826025727E-02   6.15957832351278E-04
  4.18188E+02                6.34016134065344E+00   1.31328658685132E+00   2.84549769699507E-02   2.67715253970162E-02   6.56757310529328E-04
  4.31609E+02                6.33239472060963E+00   1.31326778240206E+00   2.84545683156101E-02   2.67707338591252E-02   6.63409981285134E-04
  4.58453E+02                6.31867641317938E+00   1.31323250445955E+00   2.84538014472138E-02   2.67691504606354E-02   6.76703243532277E-04
  5.12140E+02                6.29559389337130E+00   1.31316940086215E+00   2.84524289728382E-02   2.67659826867548E-02   7.01786479612367E-04
  6.19514E+02                6.25788095043607E+00   1.31306505798146E+00   2.84501571530640E-02   2.67596445867306E-02   7.43371524678252E-04
  8.34262E+02                6.16312304712319E+00   1.31293360897121E+00   2.84472848634874E-02   2.67469593570652E-02   7.49326661971540E-04
  1.26376E+03                6.05871162906804E+00   1.31279106470244E+00   2.84441446593435E-02   2.67215722628595E-02   7.49326662053617E-04
  2.00000E+03                5.97783360380613E+00   1.31266013465501E+00   2.84412160509098E-02   2.66780390325766E-02   7.49326662053618E-04
  3.47248E+03                5.92158724751512E+00   1.31251025746436E+00   2.84377821308348E-02   2.65909825447824E-02   7.49326662053620E-04
  6.41744E+03                5.88585025230475E+00   1.31228631147519E+00   2.84325550204943E-02   2.64170010100373E-02   7.49326662053621E-04
  1.23074E+04                5.85012300545116E+00   1.31186777287894E+00   2.84227371994487E-02   2.60695886740436E-02   7.49326662053619E-04
  2.00000E+04                5.81414294678572E+00   1.31132077680270E+00   2.84099088978793E-02   2.56166903195902E-02   7.49326662053617E-04
  3.00000E+04                5.77515042248670E+00   1.31060330283032E+00   2.83930977589948E-02   2.50292245870200E-02   7.49326662053617E-04
  4.00000E+04                5.74211054898242E+00   1.30988001003796E+00   2.83761644194394E-02   2.44429250972768E-02   7.49326662053616E-04
  5.00000E+04                5.71339197127841E+00   1.30915227235559E+00   2.83591386078968E-02   2.38577219895928E-02   7.49326662053617E-04
  6.00000E+04                5.68799681838605E+00   1.30842111831108E+00   2.83420425767895E-02   2.32735684850942E-02   7.49326662053619E-04
  7.00000E+04                5.66524115244908E+00   1.30768729764323E+00   2.83248925446293E-02   2.26904332988858E-02   7.49326662053618E-04
  8.00000E+04                5.64463302837594E+00   1.30695137385706E+00   2.83077006992208E-02   2.21082963249596E-02   7.49326662053621E-04
  9.00000E+04                5.62580648849984E+00   1.30621378414848E+00   2.82904764945947E-02   2.15271460162765E-02   7.49326662053622E-04
  1.00000E+05                5.60848189125306E+00   1.30547487725516E+00   2.82732274702018E-02   2.09469777218774E-02   7.49326662053620E-04
  1.10000E+05                5.59244074444367E+00   1.30473493817581E+00   2.82559597859014E-02   2.03677926049601E-02   7.49326662053623E-04
  1.20000E+05                5.57750909424961E+00   1.30399420491633E+00   2.82386785843909E-02   1.97895969364982E-02   7.49326662053620E-04
  1.30000E+05                5.56354619876164E+00   1.30325288021628E+00   2.82213882449952E-02   1.92124016460623E-02   7.49326662053619E-04
  1.40000E+05                5.55043658853530E+00   1.30251114000760E+00   2.82040925667280E-02   1.86362220591256E-02   7.49326662053621E-04
  1.50000E+05                5.53808436705273E+00   1.30176913968456E+00   2.81867949039853E-02   1.80610777778277E-02   7.49326662053622E-04
  1.60000E+05                5.52640903317214E+00   1.30102701887428E+00   2.81694982697811E-02   1.74869926792466E-02   7.49326662053621E-04
  1.70000E+05                5.51534236255840E+00   1.30028490516159E+00   2.81522054163512E-02   1.69139950164378E-02   7.49326662053621E-04
  1.80000E+05                5.50482604152685E+00   1.29954291707681E+00   2.81349188998035E-02   1.63421176154068E-02   7.49326662053617E-04
  1.90000E+05                5.49480984553065E+00   1.29880116656265E+00   2.81176411334883E-02   1.57713981672741E-02   7.49326662053620E-04
  2.00000E+05                5.48525021852333E+00   1.29805976107625E+00   2.81003744334736E-02   1.52018796200846E-02   7.49326662053620E-04
